{"/home/mana/the_odin_project/myjs/BattleShip/script.js": {"path":"/home/mana/the_odin_project/myjs/BattleShip/script.js","statementMap":{"0":{"start":{"line":1,"column":13},"end":{"line":17,"column":1}},"1":{"start":{"line":3,"column":17},"end":{"line":3,"column":19}},"2":{"start":{"line":5,"column":20},"end":{"line":5,"column":35}},"3":{"start":{"line":5,"column":30},"end":{"line":5,"column":35}},"4":{"start":{"line":7,"column":19},"end":{"line":10,"column":5}},"5":{"start":{"line":8,"column":20},"end":{"line":8,"column":45}},"6":{"start":{"line":9,"column":8},"end":{"line":9,"column":44}},"7":{"start":{"line":12,"column":16},"end":{"line":14,"column":5}},"8":{"start":{"line":13,"column":8},"end":{"line":13,"column":42}},"9":{"start":{"line":13,"column":26},"end":{"line":13,"column":42}},"10":{"start":{"line":16,"column":4},"end":{"line":16,"column":27}},"11":{"start":{"line":19,"column":18},"end":{"line":103,"column":1}},"12":{"start":{"line":21,"column":18},"end":{"line":21,"column":20}},"13":{"start":{"line":22,"column":20},"end":{"line":22,"column":21}},"14":{"start":{"line":24,"column":20},"end":{"line":24,"column":70}},"15":{"start":{"line":24,"column":30},"end":{"line":24,"column":70}},"16":{"start":{"line":24,"column":53},"end":{"line":24,"column":69}},"17":{"start":{"line":25,"column":19},"end":{"line":25,"column":40}},"18":{"start":{"line":28,"column":26},"end":{"line":45,"column":5}},"19":{"start":{"line":30,"column":8},"end":{"line":42,"column":9}},"20":{"start":{"line":31,"column":12},"end":{"line":31,"column":53}},"21":{"start":{"line":31,"column":40},"end":{"line":31,"column":53}},"22":{"start":{"line":33,"column":12},"end":{"line":35,"column":13}},"23":{"start":{"line":33,"column":25},"end":{"line":33,"column":26}},"24":{"start":{"line":34,"column":16},"end":{"line":34,"column":54}},"25":{"start":{"line":34,"column":41},"end":{"line":34,"column":54}},"26":{"start":{"line":36,"column":15},"end":{"line":42,"column":9}},"27":{"start":{"line":37,"column":12},"end":{"line":37,"column":53}},"28":{"start":{"line":37,"column":40},"end":{"line":37,"column":53}},"29":{"start":{"line":39,"column":12},"end":{"line":41,"column":13}},"30":{"start":{"line":39,"column":25},"end":{"line":39,"column":26}},"31":{"start":{"line":40,"column":16},"end":{"line":40,"column":54}},"32":{"start":{"line":40,"column":41},"end":{"line":40,"column":54}},"33":{"start":{"line":44,"column":8},"end":{"line":44,"column":20}},"34":{"start":{"line":47,"column":22},"end":{"line":64,"column":5}},"35":{"start":{"line":49,"column":8},"end":{"line":49,"column":60}},"36":{"start":{"line":49,"column":47},"end":{"line":49,"column":60}},"37":{"start":{"line":51,"column":8},"end":{"line":59,"column":9}},"38":{"start":{"line":52,"column":12},"end":{"line":54,"column":13}},"39":{"start":{"line":52,"column":25},"end":{"line":52,"column":26}},"40":{"start":{"line":53,"column":16},"end":{"line":53,"column":40}},"41":{"start":{"line":55,"column":15},"end":{"line":59,"column":9}},"42":{"start":{"line":56,"column":12},"end":{"line":58,"column":13}},"43":{"start":{"line":56,"column":25},"end":{"line":56,"column":26}},"44":{"start":{"line":57,"column":16},"end":{"line":57,"column":40}},"45":{"start":{"line":61,"column":8},"end":{"line":61,"column":20}},"46":{"start":{"line":63,"column":8},"end":{"line":63,"column":20}},"47":{"start":{"line":67,"column":22},"end":{"line":78,"column":5}},"48":{"start":{"line":69,"column":20},"end":{"line":69,"column":21}},"49":{"start":{"line":71,"column":8},"end":{"line":75,"column":9}},"50":{"start":{"line":71,"column":21},"end":{"line":71,"column":22}},"51":{"start":{"line":72,"column":12},"end":{"line":74,"column":13}},"52":{"start":{"line":72,"column":25},"end":{"line":72,"column":26}},"53":{"start":{"line":73,"column":16},"end":{"line":73,"column":50}},"54":{"start":{"line":73,"column":42},"end":{"line":73,"column":50}},"55":{"start":{"line":77,"column":8},"end":{"line":77,"column":21}},"56":{"start":{"line":80,"column":22},"end":{"line":89,"column":5}},"57":{"start":{"line":83,"column":8},"end":{"line":84,"column":28}},"58":{"start":{"line":83,"column":33},"end":{"line":83,"column":47}},"59":{"start":{"line":84,"column":13},"end":{"line":84,"column":28}},"60":{"start":{"line":86,"column":8},"end":{"line":86,"column":28}},"61":{"start":{"line":88,"column":8},"end":{"line":88,"column":22}},"62":{"start":{"line":91,"column":22},"end":{"line":100,"column":5}},"63":{"start":{"line":93,"column":18},"end":{"line":93,"column":19}},"64":{"start":{"line":95,"column":8},"end":{"line":97,"column":9}},"65":{"start":{"line":95,"column":26},"end":{"line":95,"column":27}},"66":{"start":{"line":96,"column":12},"end":{"line":96,"column":37}},"67":{"start":{"line":99,"column":8},"end":{"line":99,"column":39}},"68":{"start":{"line":102,"column":4},"end":{"line":102,"column":57}},"69":{"start":{"line":107,"column":0},"end":{"line":110,"column":2}}},"fnMap":{"0":{"name":"(anonymous_0)","decl":{"start":{"line":1,"column":13},"end":{"line":1,"column":14}},"loc":{"start":{"line":1,"column":31},"end":{"line":17,"column":1}},"line":1},"1":{"name":"(anonymous_1)","decl":{"start":{"line":5,"column":20},"end":{"line":5,"column":21}},"loc":{"start":{"line":5,"column":30},"end":{"line":5,"column":35}},"line":5},"2":{"name":"(anonymous_2)","decl":{"start":{"line":7,"column":19},"end":{"line":7,"column":20}},"loc":{"start":{"line":7,"column":25},"end":{"line":10,"column":5}},"line":7},"3":{"name":"(anonymous_3)","decl":{"start":{"line":12,"column":16},"end":{"line":12,"column":17}},"loc":{"start":{"line":12,"column":25},"end":{"line":14,"column":5}},"line":12},"4":{"name":"(anonymous_4)","decl":{"start":{"line":19,"column":18},"end":{"line":19,"column":19}},"loc":{"start":{"line":19,"column":31},"end":{"line":103,"column":1}},"line":19},"5":{"name":"(anonymous_5)","decl":{"start":{"line":24,"column":20},"end":{"line":24,"column":21}},"loc":{"start":{"line":24,"column":30},"end":{"line":24,"column":70}},"line":24},"6":{"name":"(anonymous_6)","decl":{"start":{"line":24,"column":48},"end":{"line":24,"column":49}},"loc":{"start":{"line":24,"column":53},"end":{"line":24,"column":69}},"line":24},"7":{"name":"(anonymous_7)","decl":{"start":{"line":28,"column":26},"end":{"line":28,"column":27}},"loc":{"start":{"line":28,"column":49},"end":{"line":45,"column":5}},"line":28},"8":{"name":"(anonymous_8)","decl":{"start":{"line":47,"column":22},"end":{"line":47,"column":23}},"loc":{"start":{"line":47,"column":53},"end":{"line":64,"column":5}},"line":47},"9":{"name":"(anonymous_9)","decl":{"start":{"line":67,"column":22},"end":{"line":67,"column":23}},"loc":{"start":{"line":67,"column":34},"end":{"line":78,"column":5}},"line":67},"10":{"name":"(anonymous_10)","decl":{"start":{"line":80,"column":22},"end":{"line":80,"column":23}},"loc":{"start":{"line":80,"column":32},"end":{"line":89,"column":5}},"line":80},"11":{"name":"(anonymous_11)","decl":{"start":{"line":91,"column":22},"end":{"line":91,"column":23}},"loc":{"start":{"line":91,"column":28},"end":{"line":100,"column":5}},"line":91}},"branchMap":{"0":{"loc":{"start":{"line":9,"column":15},"end":{"line":9,"column":43}},"type":"cond-expr","locations":[{"start":{"line":9,"column":31},"end":{"line":9,"column":35}},{"start":{"line":9,"column":38},"end":{"line":9,"column":43}}],"line":9},"1":{"loc":{"start":{"line":13,"column":8},"end":{"line":13,"column":42}},"type":"if","locations":[{"start":{"line":13,"column":8},"end":{"line":13,"column":42}},{"start":{},"end":{}}],"line":13},"2":{"loc":{"start":{"line":30,"column":8},"end":{"line":42,"column":9}},"type":"if","locations":[{"start":{"line":30,"column":8},"end":{"line":42,"column":9}},{"start":{"line":36,"column":15},"end":{"line":42,"column":9}}],"line":30},"3":{"loc":{"start":{"line":31,"column":12},"end":{"line":31,"column":53}},"type":"if","locations":[{"start":{"line":31,"column":12},"end":{"line":31,"column":53}},{"start":{},"end":{}}],"line":31},"4":{"loc":{"start":{"line":34,"column":16},"end":{"line":34,"column":54}},"type":"if","locations":[{"start":{"line":34,"column":16},"end":{"line":34,"column":54}},{"start":{},"end":{}}],"line":34},"5":{"loc":{"start":{"line":36,"column":15},"end":{"line":42,"column":9}},"type":"if","locations":[{"start":{"line":36,"column":15},"end":{"line":42,"column":9}},{"start":{},"end":{}}],"line":36},"6":{"loc":{"start":{"line":37,"column":12},"end":{"line":37,"column":53}},"type":"if","locations":[{"start":{"line":37,"column":12},"end":{"line":37,"column":53}},{"start":{},"end":{}}],"line":37},"7":{"loc":{"start":{"line":40,"column":16},"end":{"line":40,"column":54}},"type":"if","locations":[{"start":{"line":40,"column":16},"end":{"line":40,"column":54}},{"start":{},"end":{}}],"line":40},"8":{"loc":{"start":{"line":49,"column":8},"end":{"line":49,"column":60}},"type":"if","locations":[{"start":{"line":49,"column":8},"end":{"line":49,"column":60}},{"start":{},"end":{}}],"line":49},"9":{"loc":{"start":{"line":51,"column":8},"end":{"line":59,"column":9}},"type":"if","locations":[{"start":{"line":51,"column":8},"end":{"line":59,"column":9}},{"start":{"line":55,"column":15},"end":{"line":59,"column":9}}],"line":51},"10":{"loc":{"start":{"line":55,"column":15},"end":{"line":59,"column":9}},"type":"if","locations":[{"start":{"line":55,"column":15},"end":{"line":59,"column":9}},{"start":{},"end":{}}],"line":55},"11":{"loc":{"start":{"line":73,"column":16},"end":{"line":73,"column":50}},"type":"if","locations":[{"start":{"line":73,"column":16},"end":{"line":73,"column":50}},{"start":{},"end":{}}],"line":73},"12":{"loc":{"start":{"line":83,"column":8},"end":{"line":84,"column":28}},"type":"if","locations":[{"start":{"line":83,"column":8},"end":{"line":84,"column":28}},{"start":{"line":84,"column":13},"end":{"line":84,"column":28}}],"line":83},"13":{"loc":{"start":{"line":99,"column":15},"end":{"line":99,"column":38}},"type":"cond-expr","locations":[{"start":{"line":99,"column":26},"end":{"line":99,"column":30}},{"start":{"line":99,"column":33},"end":{"line":99,"column":38}}],"line":99}},"s":{"0":1,"1":1,"2":1,"3":6,"4":1,"5":4,"6":4,"7":1,"8":4,"9":3,"10":1,"11":1,"12":1,"13":1,"14":1,"15":1,"16":10,"17":1,"18":1,"19":2,"20":2,"21":1,"22":1,"23":1,"24":2,"25":0,"26":0,"27":0,"28":0,"29":0,"30":0,"31":0,"32":0,"33":1,"34":1,"35":2,"36":1,"37":1,"38":1,"39":1,"40":2,"41":0,"42":0,"43":0,"44":0,"45":1,"46":1,"47":1,"48":0,"49":0,"50":0,"51":0,"52":0,"53":0,"54":0,"55":0,"56":1,"57":0,"58":0,"59":0,"60":0,"61":0,"62":1,"63":0,"64":0,"65":0,"66":0,"67":0,"68":1,"69":1},"f":{"0":1,"1":6,"2":4,"3":4,"4":1,"5":1,"6":10,"7":2,"8":2,"9":0,"10":0,"11":0},"b":{"0":[1,3],"1":[3,1],"2":[2,0],"3":[1,1],"4":[0,2],"5":[0,0],"6":[0,0],"7":[0,0],"8":[1,1],"9":[1,0],"10":[0,0],"11":[0,0],"12":[0,0],"13":[0,0]},"_coverageSchema":"1a1c01bbd47fc00a2c39e90264f33305004495a9","hash":"5c845ecee8cf3b4d0c124dc116bf45b8452c99c9"}
}
