TN:
SF:script.js
FN:1,(anonymous_0)
FN:5,(anonymous_1)
FN:7,(anonymous_2)
FN:12,(anonymous_3)
FN:19,(anonymous_4)
FN:24,(anonymous_5)
FN:24,(anonymous_6)
FN:28,(anonymous_7)
FN:47,(anonymous_8)
FN:67,(anonymous_9)
FN:80,(anonymous_10)
FN:91,(anonymous_11)
FNF:12
FNH:9
FNDA:1,(anonymous_0)
FNDA:6,(anonymous_1)
FNDA:4,(anonymous_2)
FNDA:4,(anonymous_3)
FNDA:1,(anonymous_4)
FNDA:1,(anonymous_5)
FNDA:10,(anonymous_6)
FNDA:2,(anonymous_7)
FNDA:2,(anonymous_8)
FNDA:0,(anonymous_9)
FNDA:0,(anonymous_10)
FNDA:0,(anonymous_11)
DA:1,1
DA:3,1
DA:5,6
DA:7,1
DA:8,4
DA:9,4
DA:12,1
DA:13,4
DA:16,1
DA:19,1
DA:21,1
DA:22,1
DA:24,10
DA:25,1
DA:28,1
DA:30,2
DA:31,2
DA:33,1
DA:34,2
DA:36,0
DA:37,0
DA:39,0
DA:40,0
DA:44,1
DA:47,1
DA:49,2
DA:51,1
DA:52,1
DA:53,2
DA:55,0
DA:56,0
DA:57,0
DA:61,1
DA:63,1
DA:67,1
DA:69,0
DA:71,0
DA:72,0
DA:73,0
DA:77,0
DA:80,1
DA:83,0
DA:84,0
DA:86,0
DA:88,0
DA:91,1
DA:93,0
DA:95,0
DA:96,0
DA:99,0
DA:102,1
DA:107,1
LF:52
LH:32
BRDA:9,0,0,1
BRDA:9,0,1,3
BRDA:13,1,0,3
BRDA:13,1,1,1
BRDA:30,2,0,2
BRDA:30,2,1,0
BRDA:31,3,0,1
BRDA:31,3,1,1
BRDA:34,4,0,0
BRDA:34,4,1,2
BRDA:36,5,0,0
BRDA:36,5,1,0
BRDA:37,6,0,0
BRDA:37,6,1,0
BRDA:40,7,0,0
BRDA:40,7,1,0
BRDA:49,8,0,1
BRDA:49,8,1,1
BRDA:51,9,0,1
BRDA:51,9,1,0
BRDA:55,10,0,0
BRDA:55,10,1,0
BRDA:73,11,0,0
BRDA:73,11,1,0
BRDA:83,12,0,0
BRDA:83,12,1,0
BRDA:99,13,0,0
BRDA:99,13,1,0
BRF:28
BRH:11
end_of_record
